mode: set
github.com/fsobh/token/main/demo/util.go:8.38,10.16 2 0
github.com/fsobh/token/main/demo/util.go:10.16,12.3 1 0
github.com/fsobh/token/main/demo/util.go:13.2,13.26 1 0
github.com/fsobh/token/main/demo/v2.go:10.68,13.16 2 0
github.com/fsobh/token/main/demo/v2.go:13.16,15.3 1 0
github.com/fsobh/token/main/demo/v2.go:18.2,19.16 2 0
github.com/fsobh/token/main/demo/v2.go:19.16,21.3 1 0
github.com/fsobh/token/main/demo/v2.go:24.2,33.16 4 0
github.com/fsobh/token/main/demo/v2.go:33.16,35.3 1 0
github.com/fsobh/token/main/demo/v2.go:38.2,41.12 3 0
github.com/fsobh/token/main/demo/v2.go:45.55,48.16 2 0
github.com/fsobh/token/main/demo/v2.go:48.16,50.3 1 0
github.com/fsobh/token/main/demo/v2.go:53.2,54.16 2 0
github.com/fsobh/token/main/demo/v2.go:54.16,56.3 1 0
github.com/fsobh/token/main/demo/v2.go:59.2,68.16 4 0
github.com/fsobh/token/main/demo/v2.go:68.16,70.3 1 0
github.com/fsobh/token/main/demo/v2.go:73.2,76.12 3 0
github.com/fsobh/token/main/demo/v3.go:10.55,13.16 2 0
github.com/fsobh/token/main/demo/v3.go:13.16,15.3 1 0
github.com/fsobh/token/main/demo/v3.go:18.2,19.16 2 0
github.com/fsobh/token/main/demo/v3.go:19.16,21.3 1 0
github.com/fsobh/token/main/demo/v3.go:24.2,33.16 4 0
github.com/fsobh/token/main/demo/v3.go:33.16,35.3 1 0
github.com/fsobh/token/main/demo/v3.go:38.2,41.12 3 0
github.com/fsobh/token/main/demo/v3.go:45.68,48.16 2 0
github.com/fsobh/token/main/demo/v3.go:48.16,50.3 1 0
github.com/fsobh/token/main/demo/v3.go:53.2,54.16 2 0
github.com/fsobh/token/main/demo/v3.go:54.16,56.3 1 0
github.com/fsobh/token/main/demo/v3.go:59.2,68.16 4 0
github.com/fsobh/token/main/demo/v3.go:68.16,70.3 1 0
github.com/fsobh/token/main/demo/v3.go:73.2,76.12 3 0
github.com/fsobh/token/main/test.go:9.13,34.70 13 0
github.com/fsobh/token/main/test.go:34.70,36.3 1 0
github.com/fsobh/token/main/test.go:38.2,38.88 1 0
github.com/fsobh/token/main/test.go:38.88,40.3 1 0
github.com/fsobh/token/main/test.go:42.2,42.70 1 0
github.com/fsobh/token/main/test.go:42.70,44.3 1 0
github.com/fsobh/token/main/test.go:46.2,46.88 1 0
github.com/fsobh/token/main/test.go:46.88,48.3 1 0
github.com/fsobh/token/jwt_asym_maker.go:15.97,20.2 1 1
github.com/fsobh/token/jwt_asym_maker.go:22.107,24.16 2 1
github.com/fsobh/token/jwt_asym_maker.go:24.16,26.3 1 0
github.com/fsobh/token/jwt_asym_maker.go:28.2,30.16 3 1
github.com/fsobh/token/jwt_asym_maker.go:30.16,32.3 1 0
github.com/fsobh/token/jwt_asym_maker.go:34.2,34.34 1 1
github.com/fsobh/token/jwt_asym_maker.go:37.72,38.57 1 1
github.com/fsobh/token/jwt_asym_maker.go:38.57,39.61 1 1
github.com/fsobh/token/jwt_asym_maker.go:39.61,41.4 1 1
github.com/fsobh/token/jwt_asym_maker.go:42.3,42.30 1 1
github.com/fsobh/token/jwt_asym_maker.go:45.2,46.16 2 1
github.com/fsobh/token/jwt_asym_maker.go:46.16,48.28 2 1
github.com/fsobh/token/jwt_asym_maker.go:48.28,49.46 1 1
github.com/fsobh/token/jwt_asym_maker.go:49.46,51.5 1 1
github.com/fsobh/token/jwt_asym_maker.go:53.3,53.30 1 1
github.com/fsobh/token/jwt_asym_maker.go:56.2,57.9 2 1
github.com/fsobh/token/jwt_asym_maker.go:57.9,59.3 1 0
github.com/fsobh/token/jwt_asym_maker.go:61.2,61.21 1 1
github.com/fsobh/token/jwt_maker.go:16.51,17.39 1 1
github.com/fsobh/token/jwt_maker.go:17.39,19.3 1 0
github.com/fsobh/token/jwt_maker.go:20.2,20.34 1 1
github.com/fsobh/token/jwt_maker.go:24.103,27.16 2 1
github.com/fsobh/token/jwt_maker.go:27.16,29.3 1 0
github.com/fsobh/token/jwt_maker.go:31.2,33.28 3 1
github.com/fsobh/token/jwt_maker.go:37.68,43.57 1 1
github.com/fsobh/token/jwt_maker.go:43.57,46.10 2 1
github.com/fsobh/token/jwt_maker.go:46.10,49.4 1 0
github.com/fsobh/token/jwt_maker.go:51.3,51.38 1 1
github.com/fsobh/token/jwt_maker.go:55.2,57.16 2 1
github.com/fsobh/token/jwt_maker.go:57.16,64.51 2 1
github.com/fsobh/token/jwt_maker.go:64.51,66.4 1 1
github.com/fsobh/token/jwt_maker.go:68.3,68.30 1 0
github.com/fsobh/token/jwt_maker.go:72.2,74.9 2 1
github.com/fsobh/token/jwt_maker.go:74.9,77.3 1 0
github.com/fsobh/token/jwt_maker.go:80.2,80.21 1 1
github.com/fsobh/token/paseto_v2_local_maker.go:15.71,18.16 2 1
github.com/fsobh/token/paseto_v2_local_maker.go:18.16,20.3 1 1
github.com/fsobh/token/paseto_v2_local_maker.go:23.2,23.25 1 1
github.com/fsobh/token/paseto_v2_local_maker.go:23.25,25.3 1 1
github.com/fsobh/token/paseto_v2_local_maker.go:28.2,30.16 2 1
github.com/fsobh/token/paseto_v2_local_maker.go:30.16,32.3 1 0
github.com/fsobh/token/paseto_v2_local_maker.go:34.2,36.8 1 1
github.com/fsobh/token/paseto_v2_local_maker.go:39.108,41.16 2 1
github.com/fsobh/token/paseto_v2_local_maker.go:41.16,43.3 1 0
github.com/fsobh/token/paseto_v2_local_maker.go:45.2,52.37 8 1
github.com/fsobh/token/paseto_v2_local_maker.go:55.73,57.16 2 1
github.com/fsobh/token/paseto_v2_local_maker.go:57.16,59.3 1 1
github.com/fsobh/token/paseto_v2_local_maker.go:61.2,62.16 2 1
github.com/fsobh/token/paseto_v2_local_maker.go:62.16,64.3 1 0
github.com/fsobh/token/paseto_v2_local_maker.go:66.2,67.16 2 1
github.com/fsobh/token/paseto_v2_local_maker.go:67.16,69.3 1 0
github.com/fsobh/token/paseto_v2_local_maker.go:71.2,72.16 2 1
github.com/fsobh/token/paseto_v2_local_maker.go:72.16,74.3 1 0
github.com/fsobh/token/paseto_v2_local_maker.go:76.2,77.16 2 1
github.com/fsobh/token/paseto_v2_local_maker.go:77.16,79.3 1 0
github.com/fsobh/token/paseto_v2_local_maker.go:81.2,82.16 2 1
github.com/fsobh/token/paseto_v2_local_maker.go:82.16,84.3 1 0
github.com/fsobh/token/paseto_v2_local_maker.go:86.2,93.21 2 1
github.com/fsobh/token/paseto_v2_public_maker.go:15.85,17.16 2 1
github.com/fsobh/token/paseto_v2_public_maker.go:17.16,19.3 1 1
github.com/fsobh/token/paseto_v2_public_maker.go:21.2,22.16 2 1
github.com/fsobh/token/paseto_v2_public_maker.go:22.16,24.3 1 1
github.com/fsobh/token/paseto_v2_public_maker.go:26.2,31.19 2 1
github.com/fsobh/token/paseto_v2_public_maker.go:34.109,36.16 2 1
github.com/fsobh/token/paseto_v2_public_maker.go:36.16,38.3 1 0
github.com/fsobh/token/paseto_v2_public_maker.go:40.2,47.34 8 1
github.com/fsobh/token/paseto_v2_public_maker.go:50.74,52.16 2 1
github.com/fsobh/token/paseto_v2_public_maker.go:52.16,54.3 1 1
github.com/fsobh/token/paseto_v2_public_maker.go:56.2,57.16 2 1
github.com/fsobh/token/paseto_v2_public_maker.go:57.16,59.3 1 0
github.com/fsobh/token/paseto_v2_public_maker.go:61.2,62.16 2 1
github.com/fsobh/token/paseto_v2_public_maker.go:62.16,64.3 1 0
github.com/fsobh/token/paseto_v2_public_maker.go:66.2,67.16 2 1
github.com/fsobh/token/paseto_v2_public_maker.go:67.16,69.3 1 0
github.com/fsobh/token/paseto_v2_public_maker.go:71.2,72.16 2 1
github.com/fsobh/token/paseto_v2_public_maker.go:72.16,74.3 1 0
github.com/fsobh/token/paseto_v2_public_maker.go:76.2,77.16 2 1
github.com/fsobh/token/paseto_v2_public_maker.go:77.16,79.3 1 0
github.com/fsobh/token/paseto_v2_public_maker.go:81.2,88.21 2 1
github.com/fsobh/token/paseto_v3_local_maker.go:18.71,21.16 2 1
github.com/fsobh/token/paseto_v3_local_maker.go:21.16,23.3 1 1
github.com/fsobh/token/paseto_v3_local_maker.go:26.2,26.25 1 1
github.com/fsobh/token/paseto_v3_local_maker.go:26.25,28.3 1 1
github.com/fsobh/token/paseto_v3_local_maker.go:31.2,32.16 2 1
github.com/fsobh/token/paseto_v3_local_maker.go:32.16,34.3 1 0
github.com/fsobh/token/paseto_v3_local_maker.go:36.2,38.8 1 1
github.com/fsobh/token/paseto_v3_local_maker.go:42.108,44.16 2 1
github.com/fsobh/token/paseto_v3_local_maker.go:44.16,46.3 1 0
github.com/fsobh/token/paseto_v3_local_maker.go:49.2,59.37 8 1
github.com/fsobh/token/paseto_v3_local_maker.go:63.73,66.16 2 1
github.com/fsobh/token/paseto_v3_local_maker.go:66.16,68.3 1 1
github.com/fsobh/token/paseto_v3_local_maker.go:70.2,71.16 2 1
github.com/fsobh/token/paseto_v3_local_maker.go:71.16,73.3 1 0
github.com/fsobh/token/paseto_v3_local_maker.go:75.2,76.16 2 1
github.com/fsobh/token/paseto_v3_local_maker.go:76.16,78.3 1 0
github.com/fsobh/token/paseto_v3_local_maker.go:80.2,81.16 2 1
github.com/fsobh/token/paseto_v3_local_maker.go:81.16,83.3 1 0
github.com/fsobh/token/paseto_v3_local_maker.go:85.2,86.16 2 1
github.com/fsobh/token/paseto_v3_local_maker.go:86.16,88.3 1 0
github.com/fsobh/token/paseto_v3_local_maker.go:90.2,91.16 2 1
github.com/fsobh/token/paseto_v3_local_maker.go:91.16,93.3 1 0
github.com/fsobh/token/paseto_v3_local_maker.go:95.2,102.21 2 1
github.com/fsobh/token/paseto_v3_public_maker.go:15.85,17.16 2 1
github.com/fsobh/token/paseto_v3_public_maker.go:17.16,19.3 1 1
github.com/fsobh/token/paseto_v3_public_maker.go:21.2,22.16 2 1
github.com/fsobh/token/paseto_v3_public_maker.go:22.16,24.3 1 1
github.com/fsobh/token/paseto_v3_public_maker.go:26.2,31.19 2 1
github.com/fsobh/token/paseto_v3_public_maker.go:34.109,36.16 2 1
github.com/fsobh/token/paseto_v3_public_maker.go:36.16,38.3 1 0
github.com/fsobh/token/paseto_v3_public_maker.go:40.2,48.34 8 1
github.com/fsobh/token/paseto_v3_public_maker.go:51.74,53.16 2 1
github.com/fsobh/token/paseto_v3_public_maker.go:53.16,55.3 1 1
github.com/fsobh/token/paseto_v3_public_maker.go:57.2,58.16 2 1
github.com/fsobh/token/paseto_v3_public_maker.go:58.16,60.3 1 0
github.com/fsobh/token/paseto_v3_public_maker.go:62.2,63.16 2 1
github.com/fsobh/token/paseto_v3_public_maker.go:63.16,65.3 1 0
github.com/fsobh/token/paseto_v3_public_maker.go:67.2,68.16 2 1
github.com/fsobh/token/paseto_v3_public_maker.go:68.16,70.3 1 0
github.com/fsobh/token/paseto_v3_public_maker.go:72.2,73.16 2 1
github.com/fsobh/token/paseto_v3_public_maker.go:73.16,75.3 1 0
github.com/fsobh/token/paseto_v3_public_maker.go:77.2,78.16 2 1
github.com/fsobh/token/paseto_v3_public_maker.go:78.16,80.3 1 0
github.com/fsobh/token/paseto_v3_public_maker.go:82.2,89.21 2 1
github.com/fsobh/token/payload.go:23.76,25.16 2 1
github.com/fsobh/token/payload.go:25.16,27.3 1 0
github.com/fsobh/token/payload.go:29.2,36.21 2 1
github.com/fsobh/token/payload.go:41.39,42.41 1 1
github.com/fsobh/token/payload.go:42.41,44.3 1 1
github.com/fsobh/token/payload.go:45.2,45.12 1 1
